2018-08-20 06:50:08 +0000  Initial pipeline context: <IDEDistributionProcessingPipelineContext: 0x7faf0b1ef5d0; archive(resolved)='<IDEArchive: 0x7faf26a6c630>', distributionTask(resolved)='2', distributionMethod(resolved)='<IDEDistributionMethodDevelopmentSigned: 0x7faf25fefb80>', team(resolved)='<IDEProvisioningBasicTeam 0x7faf1c6f3820: teamID: XGDE36LBGT, teamName: Jan van Kessel>'>
	Chain (11, self inclusive):
	<IDEDistributionProcessingPipelineContext: 0x7faf0b1ef5d0; archive = '<IDEArchive: 0x7faf26a6c630>', distributionMethod='<IDEDistributionMethodDevelopmentSigned: 0x7faf25fefb80>', team='<IDEProvisioningBasicTeam 0x7faf1c6f3820: teamID: XGDE36LBGT, teamName: Jan van Kessel>'>
	<IDEDistributionProcessingPipelineContext: 0x7faf0a6a1740; archive = '<IDEArchive: 0x7faf26a6c630>', distributionMethod='<IDEDistributionMethodDevelopmentSigned: 0x7faf25fefb80>', team='<IDEProvisioningBasicTeam 0x7faf1c6f3820: teamID: XGDE36LBGT, teamName: Jan van Kessel>'>
	<IDEDistributionContext: 0x7faf094a3070; archive = '<IDEArchive: 0x7faf26a6c630>', distributionMethod='<IDEDistributionMethodDevelopmentSigned: 0x7faf25fefb80>', team='<IDEProvisioningBasicTeam 0x7faf1c6f3820: teamID: XGDE36LBGT, teamName: Jan van Kessel>'>
	<IDEDistributionContext: 0x7faf1f172010; archive = '<IDEArchive: 0x7faf26a6c630>', distributionMethod='<IDEDistributionMethodDevelopmentSigned: 0x7faf25fefb80>', team='<IDEProvisioningBasicTeam 0x7faf1c6f3820: teamID: XGDE36LBGT, teamName: Jan van Kessel>'>
	<IDEDistributionContext: 0x7faf1f183930; archive = '<IDEArchive: 0x7faf26a6c630>', distributionMethod='<IDEDistributionMethodDevelopmentSigned: 0x7faf25fefb80>', team='<IDEProvisioningBasicTeam 0x7faf1c6f3820: teamID: XGDE36LBGT, teamName: Jan van Kessel>'>
	<IDEDistributionContext: 0x7faf0b3a7ff0; archive = '<IDEArchive: 0x7faf26a6c630>', distributionMethod='<IDEDistributionMethodDevelopmentSigned: 0x7faf25fefb80>', team='<IDEProvisioningBasicTeam 0x7faf1c6f3820: teamID: XGDE36LBGT, teamName: Jan van Kessel>'>
	<IDEDistributionContext: 0x7faf0a3e67d0; archive = '<IDEArchive: 0x7faf26a6c630>', distributionMethod='<IDEDistributionMethodDevelopmentSigned: 0x7faf25fefb80>', team='<IDEProvisioningBasicTeam 0x7faf1c6f3820: teamID: XGDE36LBGT, teamName: Jan van Kessel>'>
	<IDEDistributionContext: 0x7faf0a3dd6b0; archive = '<IDEArchive: 0x7faf26a6c630>', distributionMethod='<IDEDistributionMethodDevelopmentSigned: 0x7faf25fefb80>', team='<IDEProvisioningBasicTeam 0x7faf1c6f3820: teamID: XGDE36LBGT, teamName: Jan van Kessel>'>
	<IDEDistributionContext: 0x7faf0b5638d0; archive = '<IDEArchive: 0x7faf26a6c630>', distributionMethod='<IDEDistributionMethodDevelopmentSigned: 0x7faf25fefb80>', team='<IDEProvisioningBasicTeam 0x7faf1c6f3820: teamID: XGDE36LBGT, teamName: Jan van Kessel>'>
	<IDEDistributionContext: 0x7faf1f1570c0; archive = '<IDEArchive: 0x7faf26a6c630>', distributionMethod='<IDEDistributionMethodDevelopmentSigned: 0x7faf25fefb80>', team='(null)'>
	<IDEDistributionContext: 0x7faf24e77fd0; archive = '<IDEArchive: 0x7faf26a6c630>', distributionMethod='(null)', team='(null)'>
</IDEDistributionProcessingPipelineContext: 0x7faf0b1ef5d0>
2018-08-20 06:50:08 +0000  Processing step: IDEDistributionCreateDestRootStep
2018-08-20 06:50:08 +0000  Processing step: IDEDistributionCopyItemStep
2018-08-20 06:50:08 +0000  Running /usr/bin/ditto '-V' '/Users/sierra/Library/Developer/Xcode/Archives/2018-08-20/KhmerLove 8-20-18, 12.19 PM.xcarchive/Products/Applications/KhmerLove.app' '/var/folders/37/hffgh4cx5ln9v_gf1r20ylpr0000gn/T/XcodeDistPipeline.SDr/Root/Payload/KhmerLove.app'
2018-08-20 06:50:09 +0000  >>> Copying /Users/sierra/Library/Developer/Xcode/Archives/2018-08-20/KhmerLove 8-20-18, 12.19 PM.xcarchive/Products/Applications/KhmerLove.app 
2018-08-20 06:50:09 +0000  copying file ./_CodeSignature/CodeResources ... 
2018-08-20 06:50:09 +0000  10971 bytes for ./_CodeSignature/CodeResources
2018-08-20 06:50:09 +0000  copying file ./archived-expanded-entitlements.xcent ... 
2018-08-20 06:50:09 +0000  370 bytes for ./archived-expanded-entitlements.xcent
copying file ./Assets.car ... 
2018-08-20 06:50:09 +0000  8720376 bytes for ./Assets.car
2018-08-20 06:50:09 +0000  copying file ./Base.lproj/LaunchScreen.storyboardc/01J-lp-oVM-view-Ze5-6b-2t3.nib ... 
1986 bytes for ./Base.lproj/LaunchScreen.storyboardc/01J-lp-oVM-view-Ze5-6b-2t3.nib
copying file ./Base.lproj/LaunchScreen.storyboardc/Info.plist ... 
258 bytes for ./Base.lproj/LaunchScreen.storyboardc/Info.plist
copying file ./Base.lproj/LaunchScreen.storyboardc/UIViewController-01J-lp-oVM.nib ... 
832 bytes for ./Base.lproj/LaunchScreen.storyboardc/UIViewController-01J-lp-oVM.nib
copying file ./Base.lproj/Main.storyboardc/BYZ-38-t0r-view-8bC-Xf-vdC.nib/objects-11.0+.nib ... 
8944 bytes for ./Base.lproj/Main.storyboardc/BYZ-38-t0r-view-8bC-Xf-vdC.nib/objects-11.0+.nib
copying file ./Base.lproj/Main.storyboardc/BYZ-38-t0r-view-8bC-Xf-vdC.nib/runtime.nib ... 
9045 bytes for ./Base.lproj/Main.storyboardc/BYZ-38-t0r-view-8bC-Xf-vdC.nib/runtime.nib
copying file ./Base.lproj/Main.storyboardc/Info.plist ... 
335 bytes for ./Base.lproj/Main.storyboardc/Info.plist
copying file ./Base.lproj/Main.storyboardc/LoginViewController.nib/objects-11.0+.nib ... 
1117 bytes for ./Base.lproj/Main.storyboardc/LoginViewController.nib/objects-11.0+.nib
copying file ./Base.lproj/Main.storyboardc/LoginViewController.nib/runtime.nib ... 
1117 bytes for ./Base.lproj/Main.storyboardc/LoginViewController.nib/runtime.nib
copying file ./Base.lproj/Main.storyboardc/UINavigationController-pPq-U2-2eg.nib/objects-11.0+.nib ... 
1762 bytes for ./Base.lproj/Main.storyboardc/UINavigationController-pPq-U2-2eg.nib/objects-11.0+.nib
copying file ./Base.lproj/Main.storyboardc/UINavigationController-pPq-U2-2eg.nib/runtime.nib ... 
1762 bytes for ./Base.lproj/Main.storyboardc/UINavigationController-pPq-U2-2eg.nib/runtime.nib
copying file ./embedded.mobileprovision ... 
8940 bytes for ./embedded.mobileprovision
copying file ./Frameworks/libswiftCore.dylib ... 
2018-08-20 06:50:09 +0000  68838912 bytes for ./Frameworks/libswiftCore.dylib
copying file ./Frameworks/libswiftCoreFoundation.dylib ... 
2018-08-20 06:50:09 +0000  257664 bytes for ./Frameworks/libswiftCoreFoundation.dylib
copying file ./Frameworks/libswiftCoreGraphics.dylib ... 
1268800 bytes for ./Frameworks/libswiftCoreGraphics.dylib
copying file ./Frameworks/libswiftCoreImage.dylib ... 
258224 bytes for ./Frameworks/libswiftCoreImage.dylib
copying file ./Frameworks/libswiftDarwin.dylib ... 
599232 bytes for ./Frameworks/libswiftDarwin.dylib
copying file ./Frameworks/libswiftDispatch.dylib ... 
2440688 bytes for ./Frameworks/libswiftDispatch.dylib
copying file ./Frameworks/libswiftFoundation.dylib ... 
2018-08-20 06:50:09 +0000  27746448 bytes for ./Frameworks/libswiftFoundation.dylib
copying file ./Frameworks/libswiftMetal.dylib ... 
2018-08-20 06:50:09 +0000  /usr/bin/ditto exited with 0
2018-08-20 06:50:09 +0000  399344 bytes for ./Frameworks/libswiftMetal.dylib
copying file ./Frameworks/libswiftObjectiveC.dylib ... 
505744 bytes for ./Frameworks/libswiftObjectiveC.dylib
copying file ./Frameworks/libswiftos.dylib ... 
446352 bytes for ./Frameworks/libswiftos.dylib
copying file ./Frameworks/libswiftQuartzCore.dylib ... 
310928 bytes for ./Frameworks/libswiftQuartzCore.dylib
copying file ./Frameworks/libswiftUIKit.dylib ... 
789136 bytes for ./Frameworks/libswiftUIKit.dylib
copying file ./Info.plist ... 
1110 bytes for ./Info.plist
copying file ./KhmerLove ... 
397120 bytes for ./KhmerLove
copying file ./PkgInfo ... 
8 bytes for ./PkgInfo
2018-08-20 06:50:09 +0000  Processing step: IDEDistributionEmbedProfileStep
2018-08-20 06:50:09 +0000  Skipping profile for item: <IDEDistributionItem: 0x7faf09621330 'com.apple.dt.runtime.swiftCore' '<DVTFilePath:0x7faf0b52bce0:'/Users/sierra/Library/Developer/Xcode/Archives/2018-08-20/KhmerLove 8-20-18, 12.19 PM.xcarchive/Products/Applications/KhmerLove.app/Frameworks/libswiftCore.dylib'>'>
2018-08-20 06:50:09 +0000  Skipping profile for item: <IDEDistributionItem: 0x7faf09617080 'com.apple.dt.runtime.swiftCoreFoundation' '<DVTFilePath:0x7faf21edcb00:'/Users/sierra/Library/Developer/Xcode/Archives/2018-08-20/KhmerLove 8-20-18, 12.19 PM.xcarchive/Products/Applications/KhmerLove.app/Frameworks/libswiftCoreFoundation.dylib'>'>
2018-08-20 06:50:09 +0000  Skipping profile for item: <IDEDistributionItem: 0x7faf096dd890 'com.apple.dt.runtime.swiftCoreGraphics' '<DVTFilePath:0x7faf1f1476a0:'/Users/sierra/Library/Developer/Xcode/Archives/2018-08-20/KhmerLove 8-20-18, 12.19 PM.xcarchive/Products/Applications/KhmerLove.app/Frameworks/libswiftCoreGraphics.dylib'>'>
2018-08-20 06:50:09 +0000  Skipping profile for item: <IDEDistributionItem: 0x7faf094dd610 'com.apple.dt.runtime.swiftCoreImage' '<DVTFilePath:0x7faf1f15e0b0:'/Users/sierra/Library/Developer/Xcode/Archives/2018-08-20/KhmerLove 8-20-18, 12.19 PM.xcarchive/Products/Applications/KhmerLove.app/Frameworks/libswiftCoreImage.dylib'>'>
2018-08-20 06:50:09 +0000  Skipping profile for item: <IDEDistributionItem: 0x7faf0b13a0a0 'com.apple.dt.runtime.swiftDarwin' '<DVTFilePath:0x7faf1f16c2f0:'/Users/sierra/Library/Developer/Xcode/Archives/2018-08-20/KhmerLove 8-20-18, 12.19 PM.xcarchive/Products/Applications/KhmerLove.app/Frameworks/libswiftDarwin.dylib'>'>
2018-08-20 06:50:09 +0000  Skipping profile for item: <IDEDistributionItem: 0x7faf25a98d90 'com.apple.dt.runtime.swiftDispatch' '<DVTFilePath:0x7faf0a316180:'/Users/sierra/Library/Developer/Xcode/Archives/2018-08-20/KhmerLove 8-20-18, 12.19 PM.xcarchive/Products/Applications/KhmerLove.app/Frameworks/libswiftDispatch.dylib'>'>
2018-08-20 06:50:09 +0000  Skipping profile for item: <IDEDistributionItem: 0x7faf1f16d970 'com.apple.dt.runtime.swiftFoundation' '<DVTFilePath:0x7faf2496a430:'/Users/sierra/Library/Developer/Xcode/Archives/2018-08-20/KhmerLove 8-20-18, 12.19 PM.xcarchive/Products/Applications/KhmerLove.app/Frameworks/libswiftFoundation.dylib'>'>
2018-08-20 06:50:09 +0000  Skipping profile for item: <IDEDistributionItem: 0x7faf0a404580 'com.apple.dt.runtime.swiftMetal' '<DVTFilePath:0x7faf0a54e460:'/Users/sierra/Library/Developer/Xcode/Archives/2018-08-20/KhmerLove 8-20-18, 12.19 PM.xcarchive/Products/Applications/KhmerLove.app/Frameworks/libswiftMetal.dylib'>'>
2018-08-20 06:50:09 +0000  Skipping profile for item: <IDEDistributionItem: 0x7faf096bfba0 'com.apple.dt.runtime.swiftObjectiveC' '<DVTFilePath:0x7faf0a58c400:'/Users/sierra/Library/Developer/Xcode/Archives/2018-08-20/KhmerLove 8-20-18, 12.19 PM.xcarchive/Products/Applications/KhmerLove.app/Frameworks/libswiftObjectiveC.dylib'>'>
2018-08-20 06:50:09 +0000  Skipping profile for item: <IDEDistributionItem: 0x7faf2789cf20 'com.apple.dt.runtime.swiftQuartzCore' '<DVTFilePath:0x7faf0a3c2d40:'/Users/sierra/Library/Developer/Xcode/Archives/2018-08-20/KhmerLove 8-20-18, 12.19 PM.xcarchive/Products/Applications/KhmerLove.app/Frameworks/libswiftQuartzCore.dylib'>'>
2018-08-20 06:50:09 +0000  Skipping profile for item: <IDEDistributionItem: 0x7faf0b162d50 'com.apple.dt.runtime.swiftUIKit' '<DVTFilePath:0x7faf0a58bc00:'/Users/sierra/Library/Developer/Xcode/Archives/2018-08-20/KhmerLove 8-20-18, 12.19 PM.xcarchive/Products/Applications/KhmerLove.app/Frameworks/libswiftUIKit.dylib'>'>
2018-08-20 06:50:09 +0000  Skipping profile for item: <IDEDistributionItem: 0x7faf096f0180 'com.apple.dt.runtime.swiftos' '<DVTFilePath:0x7faf0a39cbb0:'/Users/sierra/Library/Developer/Xcode/Archives/2018-08-20/KhmerLove 8-20-18, 12.19 PM.xcarchive/Products/Applications/KhmerLove.app/Frameworks/libswiftos.dylib'>'>
2018-08-20 06:50:09 +0000  Processing step: IDEDistributionAppThinningPlistStep
2018-08-20 06:50:09 +0000  Skipping step: IDEDistributionAppThinningPlistStep because it said so
2018-08-20 06:50:09 +0000  Processing step: IDEDistributionCompileBitcodeStep
2018-08-20 06:50:09 +0000  Skipping step: IDEDistributionCompileBitcodeStep because it said so
2018-08-20 06:50:09 +0000  Processing step: IDEDistributionCodeSlimmingStep
2018-08-20 06:50:10 +0000  Processing step: IDEDistributionCopyBCSymbolMapsStep
2018-08-20 06:50:10 +0000  Skipping step: IDEDistributionCopyBCSymbolMapsStep because it said so
2018-08-20 06:50:10 +0000  Skipping step: IDEDistributionCopyBCSymbolMapsStep because it said so
2018-08-20 06:50:10 +0000  Skipping step: IDEDistributionCopyBCSymbolMapsStep because it said so
2018-08-20 06:50:10 +0000  Skipping step: IDEDistributionCopyBCSymbolMapsStep because it said so
2018-08-20 06:50:10 +0000  Skipping step: IDEDistributionCopyBCSymbolMapsStep because it said so
2018-08-20 06:50:10 +0000  Skipping step: IDEDistributionCopyBCSymbolMapsStep because it said so
2018-08-20 06:50:10 +0000  Skipping step: IDEDistributionCopyBCSymbolMapsStep because it said so
2018-08-20 06:50:10 +0000  Skipping step: IDEDistributionCopyBCSymbolMapsStep because it said so
2018-08-20 06:50:10 +0000  Skipping step: IDEDistributionCopyBCSymbolMapsStep because it said so
2018-08-20 06:50:10 +0000  Skipping step: IDEDistributionCopyBCSymbolMapsStep because it said so
2018-08-20 06:50:10 +0000  Skipping step: IDEDistributionCopyBCSymbolMapsStep because it said so
2018-08-20 06:50:10 +0000  Skipping step: IDEDistributionCopyBCSymbolMapsStep because it said so
2018-08-20 06:50:10 +0000  Skipping step: IDEDistributionCopyBCSymbolMapsStep because it said so
2018-08-20 06:50:10 +0000  Processing step: IDEDistributionSymbolsStep
2018-08-20 06:50:10 +0000  Skipping step: IDEDistributionSymbolsStep because it said so
2018-08-20 06:50:10 +0000  Skipping step: IDEDistributionSymbolsStep because it said so
2018-08-20 06:50:10 +0000  Skipping step: IDEDistributionSymbolsStep because it said so
2018-08-20 06:50:10 +0000  Skipping step: IDEDistributionSymbolsStep because it said so
2018-08-20 06:50:10 +0000  Skipping step: IDEDistributionSymbolsStep because it said so
2018-08-20 06:50:10 +0000  Skipping step: IDEDistributionSymbolsStep because it said so
2018-08-20 06:50:10 +0000  Skipping step: IDEDistributionSymbolsStep because it said so
2018-08-20 06:50:10 +0000  Skipping step: IDEDistributionSymbolsStep because it said so
2018-08-20 06:50:10 +0000  Skipping step: IDEDistributionSymbolsStep because it said so
2018-08-20 06:50:10 +0000  Skipping step: IDEDistributionSymbolsStep because it said so
2018-08-20 06:50:10 +0000  Skipping step: IDEDistributionSymbolsStep because it said so
2018-08-20 06:50:10 +0000  Skipping step: IDEDistributionSymbolsStep because it said so
2018-08-20 06:50:10 +0000  Skipping step: IDEDistributionSymbolsStep because it said so
2018-08-20 06:50:10 +0000  Processing step: IDEDistributionAppThinningStep
2018-08-20 06:50:10 +0000  Skipping step: IDEDistributionAppThinningStep because it said so
2018-08-20 06:50:10 +0000  Processing step: IDEDistributionODRStep
2018-08-20 06:50:10 +0000  Processing step: IDEDistributionStripXattrsStep
2018-08-20 06:50:10 +0000  Skipping stripping extended attributes of item: <IDEDistributionItem: 0x7faf09621330 'com.apple.dt.runtime.swiftCore' '<DVTFilePath:0x7faf0b52bce0:'/Users/sierra/Library/Developer/Xcode/Archives/2018-08-20/KhmerLove 8-20-18, 12.19 PM.xcarchive/Products/Applications/KhmerLove.app/Frameworks/libswiftCore.dylib'>'>
2018-08-20 06:50:10 +0000  Skipping stripping extended attributes of item: <IDEDistributionItem: 0x7faf09617080 'com.apple.dt.runtime.swiftCoreFoundation' '<DVTFilePath:0x7faf21edcb00:'/Users/sierra/Library/Developer/Xcode/Archives/2018-08-20/KhmerLove 8-20-18, 12.19 PM.xcarchive/Products/Applications/KhmerLove.app/Frameworks/libswiftCoreFoundation.dylib'>'>
2018-08-20 06:50:10 +0000  Skipping stripping extended attributes of item: <IDEDistributionItem: 0x7faf096dd890 'com.apple.dt.runtime.swiftCoreGraphics' '<DVTFilePath:0x7faf1f1476a0:'/Users/sierra/Library/Developer/Xcode/Archives/2018-08-20/KhmerLove 8-20-18, 12.19 PM.xcarchive/Products/Applications/KhmerLove.app/Frameworks/libswiftCoreGraphics.dylib'>'>
2018-08-20 06:50:10 +0000  Skipping stripping extended attributes of item: <IDEDistributionItem: 0x7faf094dd610 'com.apple.dt.runtime.swiftCoreImage' '<DVTFilePath:0x7faf1f15e0b0:'/Users/sierra/Library/Developer/Xcode/Archives/2018-08-20/KhmerLove 8-20-18, 12.19 PM.xcarchive/Products/Applications/KhmerLove.app/Frameworks/libswiftCoreImage.dylib'>'>
2018-08-20 06:50:10 +0000  Skipping stripping extended attributes of item: <IDEDistributionItem: 0x7faf0b13a0a0 'com.apple.dt.runtime.swiftDarwin' '<DVTFilePath:0x7faf1f16c2f0:'/Users/sierra/Library/Developer/Xcode/Archives/2018-08-20/KhmerLove 8-20-18, 12.19 PM.xcarchive/Products/Applications/KhmerLove.app/Frameworks/libswiftDarwin.dylib'>'>
2018-08-20 06:50:10 +0000  Skipping stripping extended attributes of item: <IDEDistributionItem: 0x7faf25a98d90 'com.apple.dt.runtime.swiftDispatch' '<DVTFilePath:0x7faf0a316180:'/Users/sierra/Library/Developer/Xcode/Archives/2018-08-20/KhmerLove 8-20-18, 12.19 PM.xcarchive/Products/Applications/KhmerLove.app/Frameworks/libswiftDispatch.dylib'>'>
2018-08-20 06:50:10 +0000  Skipping stripping extended attributes of item: <IDEDistributionItem: 0x7faf1f16d970 'com.apple.dt.runtime.swiftFoundation' '<DVTFilePath:0x7faf2496a430:'/Users/sierra/Library/Developer/Xcode/Archives/2018-08-20/KhmerLove 8-20-18, 12.19 PM.xcarchive/Products/Applications/KhmerLove.app/Frameworks/libswiftFoundation.dylib'>'>
2018-08-20 06:50:10 +0000  Skipping stripping extended attributes of item: <IDEDistributionItem: 0x7faf0a404580 'com.apple.dt.runtime.swiftMetal' '<DVTFilePath:0x7faf0a54e460:'/Users/sierra/Library/Developer/Xcode/Archives/2018-08-20/KhmerLove 8-20-18, 12.19 PM.xcarchive/Products/Applications/KhmerLove.app/Frameworks/libswiftMetal.dylib'>'>
2018-08-20 06:50:10 +0000  Skipping stripping extended attributes of item: <IDEDistributionItem: 0x7faf096bfba0 'com.apple.dt.runtime.swiftObjectiveC' '<DVTFilePath:0x7faf0a58c400:'/Users/sierra/Library/Developer/Xcode/Archives/2018-08-20/KhmerLove 8-20-18, 12.19 PM.xcarchive/Products/Applications/KhmerLove.app/Frameworks/libswiftObjectiveC.dylib'>'>
2018-08-20 06:50:10 +0000  Skipping stripping extended attributes of item: <IDEDistributionItem: 0x7faf2789cf20 'com.apple.dt.runtime.swiftQuartzCore' '<DVTFilePath:0x7faf0a3c2d40:'/Users/sierra/Library/Developer/Xcode/Archives/2018-08-20/KhmerLove 8-20-18, 12.19 PM.xcarchive/Products/Applications/KhmerLove.app/Frameworks/libswiftQuartzCore.dylib'>'>
2018-08-20 06:50:10 +0000  Skipping stripping extended attributes of item: <IDEDistributionItem: 0x7faf0b162d50 'com.apple.dt.runtime.swiftUIKit' '<DVTFilePath:0x7faf0a58bc00:'/Users/sierra/Library/Developer/Xcode/Archives/2018-08-20/KhmerLove 8-20-18, 12.19 PM.xcarchive/Products/Applications/KhmerLove.app/Frameworks/libswiftUIKit.dylib'>'>
2018-08-20 06:50:10 +0000  Skipping stripping extended attributes of item: <IDEDistributionItem: 0x7faf096f0180 'com.apple.dt.runtime.swiftos' '<DVTFilePath:0x7faf0a39cbb0:'/Users/sierra/Library/Developer/Xcode/Archives/2018-08-20/KhmerLove 8-20-18, 12.19 PM.xcarchive/Products/Applications/KhmerLove.app/Frameworks/libswiftos.dylib'>'>
2018-08-20 06:50:10 +0000  Running /usr/bin/xattr '-crs' '/var/folders/37/hffgh4cx5ln9v_gf1r20ylpr0000gn/T/XcodeDistPipeline.SDr/Root/Payload/KhmerLove.app'
2018-08-20 06:50:11 +0000  /usr/bin/xattr exited with 0
2018-08-20 06:50:11 +0000  Processing step: IDEDistributionCodesignStep
2018-08-20 06:50:11 +0000  Applying entitlements delta for <IDEDistributionItem: 0x7faf09621330 'com.apple.dt.runtime.swiftCore' '<DVTFilePath:0x7faf0b52bce0:'/Users/sierra/Library/Developer/Xcode/Archives/2018-08-20/KhmerLove 8-20-18, 12.19 PM.xcarchive/Products/Applications/KhmerLove.app/Frameworks/libswiftCore.dylib'>'> from <IDEiCloudEntitlementsProcessor: 0x7faf25a10280>: {
}
2018-08-20 06:50:11 +0000  Entitlements for <IDEDistributionItem: 0x7faf09621330 'com.apple.dt.runtime.swiftCore' '<DVTFilePath:0x7faf0b52bce0:'/Users/sierra/Library/Developer/Xcode/Archives/2018-08-20/KhmerLove 8-20-18, 12.19 PM.xcarchive/Products/Applications/KhmerLove.app/Frameworks/libswiftCore.dylib'>'>: {
}
2018-08-20 06:50:11 +0000  Writing entitlements for <IDEDistributionItem: 0x7faf09621330 'com.apple.dt.runtime.swiftCore' '<DVTFilePath:0x7faf0b52bce0:'/Users/sierra/Library/Developer/Xcode/Archives/2018-08-20/KhmerLove 8-20-18, 12.19 PM.xcarchive/Products/Applications/KhmerLove.app/Frameworks/libswiftCore.dylib'>'> to: /var/folders/37/hffgh4cx5ln9v_gf1r20ylpr0000gn/T/XcodeDistPipeline.SDr/entitlementsS1OBwC
2018-08-20 06:50:11 +0000  Running /usr/bin/codesign '-vvv' '--force' '--sign' 'B2F7FB7BC63392D8F2D5F2E7FCC2AA5D245C0AD0' '--preserve-metadata=identifier,flags' '--entitlements' '/var/folders/37/hffgh4cx5ln9v_gf1r20ylpr0000gn/T/XcodeDistPipeline.SDr/entitlementsS1OBwC' '/var/folders/37/hffgh4cx5ln9v_gf1r20ylpr0000gn/T/XcodeDistPipeline.SDr/Root/Payload/KhmerLove.app/Frameworks/libswiftCore.dylib'
2018-08-20 06:50:12 +0000  /var/folders/37/hffgh4cx5ln9v_gf1r20ylpr0000gn/T/XcodeDistPipeline.SDr/Root/Payload/KhmerLove.app/Frameworks/libswiftCore.dylib: signed Mach-O universal (armv7 armv7s arm64) [com.apple.dt.runtime.swiftCore]
2018-08-20 06:50:12 +0000  /usr/bin/codesign exited with 0
2018-08-20 06:50:12 +0000  Applying entitlements delta for <IDEDistributionItem: 0x7faf09617080 'com.apple.dt.runtime.swiftCoreFoundation' '<DVTFilePath:0x7faf21edcb00:'/Users/sierra/Library/Developer/Xcode/Archives/2018-08-20/KhmerLove 8-20-18, 12.19 PM.xcarchive/Products/Applications/KhmerLove.app/Frameworks/libswiftCoreFoundation.dylib'>'> from <IDEiCloudEntitlementsProcessor: 0x7faf25e20920>: {
}
2018-08-20 06:50:12 +0000  Entitlements for <IDEDistributionItem: 0x7faf09617080 'com.apple.dt.runtime.swiftCoreFoundation' '<DVTFilePath:0x7faf21edcb00:'/Users/sierra/Library/Developer/Xcode/Archives/2018-08-20/KhmerLove 8-20-18, 12.19 PM.xcarchive/Products/Applications/KhmerLove.app/Frameworks/libswiftCoreFoundation.dylib'>'>: {
}
2018-08-20 06:50:12 +0000  Writing entitlements for <IDEDistributionItem: 0x7faf09617080 'com.apple.dt.runtime.swiftCoreFoundation' '<DVTFilePath:0x7faf21edcb00:'/Users/sierra/Library/Developer/Xcode/Archives/2018-08-20/KhmerLove 8-20-18, 12.19 PM.xcarchive/Products/Applications/KhmerLove.app/Frameworks/libswiftCoreFoundation.dylib'>'> to: /var/folders/37/hffgh4cx5ln9v_gf1r20ylpr0000gn/T/XcodeDistPipeline.SDr/entitlementsnXm7kY
2018-08-20 06:50:12 +0000  Running /usr/bin/codesign '-vvv' '--force' '--sign' 'B2F7FB7BC63392D8F2D5F2E7FCC2AA5D245C0AD0' '--preserve-metadata=identifier,flags' '--entitlements' '/var/folders/37/hffgh4cx5ln9v_gf1r20ylpr0000gn/T/XcodeDistPipeline.SDr/entitlementsnXm7kY' '/var/folders/37/hffgh4cx5ln9v_gf1r20ylpr0000gn/T/XcodeDistPipeline.SDr/Root/Payload/KhmerLove.app/Frameworks/libswiftCoreFoundation.dylib'
2018-08-20 06:50:12 +0000  /var/folders/37/hffgh4cx5ln9v_gf1r20ylpr0000gn/T/XcodeDistPipeline.SDr/Root/Payload/KhmerLove.app/Frameworks/libswiftCoreFoundation.dylib: signed Mach-O universal (armv7 armv7s arm64) [com.apple.dt.runtime.swiftCoreFoundation]
2018-08-20 06:50:12 +0000  /usr/bin/codesign exited with 0
2018-08-20 06:50:12 +0000  Applying entitlements delta for <IDEDistributionItem: 0x7faf096dd890 'com.apple.dt.runtime.swiftCoreGraphics' '<DVTFilePath:0x7faf1f1476a0:'/Users/sierra/Library/Developer/Xcode/Archives/2018-08-20/KhmerLove 8-20-18, 12.19 PM.xcarchive/Products/Applications/KhmerLove.app/Frameworks/libswiftCoreGraphics.dylib'>'> from <IDEiCloudEntitlementsProcessor: 0x7faf21cc7710>: {
}
2018-08-20 06:50:12 +0000  Entitlements for <IDEDistributionItem: 0x7faf096dd890 'com.apple.dt.runtime.swiftCoreGraphics' '<DVTFilePath:0x7faf1f1476a0:'/Users/sierra/Library/Developer/Xcode/Archives/2018-08-20/KhmerLove 8-20-18, 12.19 PM.xcarchive/Products/Applications/KhmerLove.app/Frameworks/libswiftCoreGraphics.dylib'>'>: {
}
2018-08-20 06:50:12 +0000  Writing entitlements for <IDEDistributionItem: 0x7faf096dd890 'com.apple.dt.runtime.swiftCoreGraphics' '<DVTFilePath:0x7faf1f1476a0:'/Users/sierra/Library/Developer/Xcode/Archives/2018-08-20/KhmerLove 8-20-18, 12.19 PM.xcarchive/Products/Applications/KhmerLove.app/Frameworks/libswiftCoreGraphics.dylib'>'> to: /var/folders/37/hffgh4cx5ln9v_gf1r20ylpr0000gn/T/XcodeDistPipeline.SDr/entitlementslt9EMt
2018-08-20 06:50:12 +0000  Running /usr/bin/codesign '-vvv' '--force' '--sign' 'B2F7FB7BC63392D8F2D5F2E7FCC2AA5D245C0AD0' '--preserve-metadata=identifier,flags' '--entitlements' '/var/folders/37/hffgh4cx5ln9v_gf1r20ylpr0000gn/T/XcodeDistPipeline.SDr/entitlementslt9EMt' '/var/folders/37/hffgh4cx5ln9v_gf1r20ylpr0000gn/T/XcodeDistPipeline.SDr/Root/Payload/KhmerLove.app/Frameworks/libswiftCoreGraphics.dylib'
2018-08-20 06:50:12 +0000  /var/folders/37/hffgh4cx5ln9v_gf1r20ylpr0000gn/T/XcodeDistPipeline.SDr/Root/Payload/KhmerLove.app/Frameworks/libswiftCoreGraphics.dylib: signed Mach-O universal (armv7 armv7s arm64) [com.apple.dt.runtime.swiftCoreGraphics]
2018-08-20 06:50:12 +0000  /usr/bin/codesign exited with 0
2018-08-20 06:50:12 +0000  Applying entitlements delta for <IDEDistributionItem: 0x7faf094dd610 'com.apple.dt.runtime.swiftCoreImage' '<DVTFilePath:0x7faf1f15e0b0:'/Users/sierra/Library/Developer/Xcode/Archives/2018-08-20/KhmerLove 8-20-18, 12.19 PM.xcarchive/Products/Applications/KhmerLove.app/Frameworks/libswiftCoreImage.dylib'>'> from <IDEiCloudEntitlementsProcessor: 0x7faf1f13fc50>: {
}
2018-08-20 06:50:12 +0000  Entitlements for <IDEDistributionItem: 0x7faf094dd610 'com.apple.dt.runtime.swiftCoreImage' '<DVTFilePath:0x7faf1f15e0b0:'/Users/sierra/Library/Developer/Xcode/Archives/2018-08-20/KhmerLove 8-20-18, 12.19 PM.xcarchive/Products/Applications/KhmerLove.app/Frameworks/libswiftCoreImage.dylib'>'>: {
}
2018-08-20 06:50:12 +0000  Writing entitlements for <IDEDistributionItem: 0x7faf094dd610 'com.apple.dt.runtime.swiftCoreImage' '<DVTFilePath:0x7faf1f15e0b0:'/Users/sierra/Library/Developer/Xcode/Archives/2018-08-20/KhmerLove 8-20-18, 12.19 PM.xcarchive/Products/Applications/KhmerLove.app/Frameworks/libswiftCoreImage.dylib'>'> to: /var/folders/37/hffgh4cx5ln9v_gf1r20ylpr0000gn/T/XcodeDistPipeline.SDr/entitlementsEEdlVk
2018-08-20 06:50:12 +0000  Running /usr/bin/codesign '-vvv' '--force' '--sign' 'B2F7FB7BC63392D8F2D5F2E7FCC2AA5D245C0AD0' '--preserve-metadata=identifier,flags' '--entitlements' '/var/folders/37/hffgh4cx5ln9v_gf1r20ylpr0000gn/T/XcodeDistPipeline.SDr/entitlementsEEdlVk' '/var/folders/37/hffgh4cx5ln9v_gf1r20ylpr0000gn/T/XcodeDistPipeline.SDr/Root/Payload/KhmerLove.app/Frameworks/libswiftCoreImage.dylib'
2018-08-20 06:50:12 +0000  /var/folders/37/hffgh4cx5ln9v_gf1r20ylpr0000gn/T/XcodeDistPipeline.SDr/Root/Payload/KhmerLove.app/Frameworks/libswiftCoreImage.dylib: signed Mach-O universal (armv7 armv7s arm64) [com.apple.dt.runtime.swiftCoreImage]
2018-08-20 06:50:12 +0000  /usr/bin/codesign exited with 0
2018-08-20 06:50:12 +0000  Applying entitlements delta for <IDEDistributionItem: 0x7faf0b13a0a0 'com.apple.dt.runtime.swiftDarwin' '<DVTFilePath:0x7faf1f16c2f0:'/Users/sierra/Library/Developer/Xcode/Archives/2018-08-20/KhmerLove 8-20-18, 12.19 PM.xcarchive/Products/Applications/KhmerLove.app/Frameworks/libswiftDarwin.dylib'>'> from <IDEiCloudEntitlementsProcessor: 0x7faf1f1620c0>: {
}
2018-08-20 06:50:12 +0000  Entitlements for <IDEDistributionItem: 0x7faf0b13a0a0 'com.apple.dt.runtime.swiftDarwin' '<DVTFilePath:0x7faf1f16c2f0:'/Users/sierra/Library/Developer/Xcode/Archives/2018-08-20/KhmerLove 8-20-18, 12.19 PM.xcarchive/Products/Applications/KhmerLove.app/Frameworks/libswiftDarwin.dylib'>'>: {
}
2018-08-20 06:50:12 +0000  Writing entitlements for <IDEDistributionItem: 0x7faf0b13a0a0 'com.apple.dt.runtime.swiftDarwin' '<DVTFilePath:0x7faf1f16c2f0:'/Users/sierra/Library/Developer/Xcode/Archives/2018-08-20/KhmerLove 8-20-18, 12.19 PM.xcarchive/Products/Applications/KhmerLove.app/Frameworks/libswiftDarwin.dylib'>'> to: /var/folders/37/hffgh4cx5ln9v_gf1r20ylpr0000gn/T/XcodeDistPipeline.SDr/entitlementsfdYFGU
2018-08-20 06:50:12 +0000  Running /usr/bin/codesign '-vvv' '--force' '--sign' 'B2F7FB7BC63392D8F2D5F2E7FCC2AA5D245C0AD0' '--preserve-metadata=identifier,flags' '--entitlements' '/var/folders/37/hffgh4cx5ln9v_gf1r20ylpr0000gn/T/XcodeDistPipeline.SDr/entitlementsfdYFGU' '/var/folders/37/hffgh4cx5ln9v_gf1r20ylpr0000gn/T/XcodeDistPipeline.SDr/Root/Payload/KhmerLove.app/Frameworks/libswiftDarwin.dylib'
2018-08-20 06:50:13 +0000  /var/folders/37/hffgh4cx5ln9v_gf1r20ylpr0000gn/T/XcodeDistPipeline.SDr/Root/Payload/KhmerLove.app/Frameworks/libswiftDarwin.dylib: signed Mach-O universal (armv7 armv7s arm64) [com.apple.dt.runtime.swiftDarwin]
2018-08-20 06:50:13 +0000  /usr/bin/codesign exited with 0
2018-08-20 06:50:13 +0000  Applying entitlements delta for <IDEDistributionItem: 0x7faf25a98d90 'com.apple.dt.runtime.swiftDispatch' '<DVTFilePath:0x7faf0a316180:'/Users/sierra/Library/Developer/Xcode/Archives/2018-08-20/KhmerLove 8-20-18, 12.19 PM.xcarchive/Products/Applications/KhmerLove.app/Frameworks/libswiftDispatch.dylib'>'> from <IDEiCloudEntitlementsProcessor: 0x7faf27dcabb0>: {
}
2018-08-20 06:50:13 +0000  Entitlements for <IDEDistributionItem: 0x7faf25a98d90 'com.apple.dt.runtime.swiftDispatch' '<DVTFilePath:0x7faf0a316180:'/Users/sierra/Library/Developer/Xcode/Archives/2018-08-20/KhmerLove 8-20-18, 12.19 PM.xcarchive/Products/Applications/KhmerLove.app/Frameworks/libswiftDispatch.dylib'>'>: {
}
2018-08-20 06:50:13 +0000  Writing entitlements for <IDEDistributionItem: 0x7faf25a98d90 'com.apple.dt.runtime.swiftDispatch' '<DVTFilePath:0x7faf0a316180:'/Users/sierra/Library/Developer/Xcode/Archives/2018-08-20/KhmerLove 8-20-18, 12.19 PM.xcarchive/Products/Applications/KhmerLove.app/Frameworks/libswiftDispatch.dylib'>'> to: /var/folders/37/hffgh4cx5ln9v_gf1r20ylpr0000gn/T/XcodeDistPipeline.SDr/entitlementspBC1G6
2018-08-20 06:50:13 +0000  Running /usr/bin/codesign '-vvv' '--force' '--sign' 'B2F7FB7BC63392D8F2D5F2E7FCC2AA5D245C0AD0' '--preserve-metadata=identifier,flags' '--entitlements' '/var/folders/37/hffgh4cx5ln9v_gf1r20ylpr0000gn/T/XcodeDistPipeline.SDr/entitlementspBC1G6' '/var/folders/37/hffgh4cx5ln9v_gf1r20ylpr0000gn/T/XcodeDistPipeline.SDr/Root/Payload/KhmerLove.app/Frameworks/libswiftDispatch.dylib'
2018-08-20 06:50:13 +0000  /var/folders/37/hffgh4cx5ln9v_gf1r20ylpr0000gn/T/XcodeDistPipeline.SDr/Root/Payload/KhmerLove.app/Frameworks/libswiftDispatch.dylib: signed Mach-O universal (armv7 armv7s arm64) [com.apple.dt.runtime.swiftDispatch]
2018-08-20 06:50:13 +0000  /usr/bin/codesign exited with 0
2018-08-20 06:50:13 +0000  Applying entitlements delta for <IDEDistributionItem: 0x7faf1f16d970 'com.apple.dt.runtime.swiftFoundation' '<DVTFilePath:0x7faf2496a430:'/Users/sierra/Library/Developer/Xcode/Archives/2018-08-20/KhmerLove 8-20-18, 12.19 PM.xcarchive/Products/Applications/KhmerLove.app/Frameworks/libswiftFoundation.dylib'>'> from <IDEiCloudEntitlementsProcessor: 0x7faf1f150370>: {
}
2018-08-20 06:50:13 +0000  Entitlements for <IDEDistributionItem: 0x7faf1f16d970 'com.apple.dt.runtime.swiftFoundation' '<DVTFilePath:0x7faf2496a430:'/Users/sierra/Library/Developer/Xcode/Archives/2018-08-20/KhmerLove 8-20-18, 12.19 PM.xcarchive/Products/Applications/KhmerLove.app/Frameworks/libswiftFoundation.dylib'>'>: {
}
2018-08-20 06:50:13 +0000  Writing entitlements for <IDEDistributionItem: 0x7faf1f16d970 'com.apple.dt.runtime.swiftFoundation' '<DVTFilePath:0x7faf2496a430:'/Users/sierra/Library/Developer/Xcode/Archives/2018-08-20/KhmerLove 8-20-18, 12.19 PM.xcarchive/Products/Applications/KhmerLove.app/Frameworks/libswiftFoundation.dylib'>'> to: /var/folders/37/hffgh4cx5ln9v_gf1r20ylpr0000gn/T/XcodeDistPipeline.SDr/entitlementsUXt2ZK
2018-08-20 06:50:13 +0000  Running /usr/bin/codesign '-vvv' '--force' '--sign' 'B2F7FB7BC63392D8F2D5F2E7FCC2AA5D245C0AD0' '--preserve-metadata=identifier,flags' '--entitlements' '/var/folders/37/hffgh4cx5ln9v_gf1r20ylpr0000gn/T/XcodeDistPipeline.SDr/entitlementsUXt2ZK' '/var/folders/37/hffgh4cx5ln9v_gf1r20ylpr0000gn/T/XcodeDistPipeline.SDr/Root/Payload/KhmerLove.app/Frameworks/libswiftFoundation.dylib'
2018-08-20 06:50:13 +0000  /var/folders/37/hffgh4cx5ln9v_gf1r20ylpr0000gn/T/XcodeDistPipeline.SDr/Root/Payload/KhmerLove.app/Frameworks/libswiftFoundation.dylib: signed Mach-O universal (armv7 armv7s arm64) [com.apple.dt.runtime.swiftFoundation]
2018-08-20 06:50:13 +0000  /usr/bin/codesign exited with 0
2018-08-20 06:50:13 +0000  Applying entitlements delta for <IDEDistributionItem: 0x7faf0a404580 'com.apple.dt.runtime.swiftMetal' '<DVTFilePath:0x7faf0a54e460:'/Users/sierra/Library/Developer/Xcode/Archives/2018-08-20/KhmerLove 8-20-18, 12.19 PM.xcarchive/Products/Applications/KhmerLove.app/Frameworks/libswiftMetal.dylib'>'> from <IDEiCloudEntitlementsProcessor: 0x7faf26b649b0>: {
}
2018-08-20 06:50:14 +0000  Entitlements for <IDEDistributionItem: 0x7faf0a404580 'com.apple.dt.runtime.swiftMetal' '<DVTFilePath:0x7faf0a54e460:'/Users/sierra/Library/Developer/Xcode/Archives/2018-08-20/KhmerLove 8-20-18, 12.19 PM.xcarchive/Products/Applications/KhmerLove.app/Frameworks/libswiftMetal.dylib'>'>: {
}
2018-08-20 06:50:14 +0000  Writing entitlements for <IDEDistributionItem: 0x7faf0a404580 'com.apple.dt.runtime.swiftMetal' '<DVTFilePath:0x7faf0a54e460:'/Users/sierra/Library/Developer/Xcode/Archives/2018-08-20/KhmerLove 8-20-18, 12.19 PM.xcarchive/Products/Applications/KhmerLove.app/Frameworks/libswiftMetal.dylib'>'> to: /var/folders/37/hffgh4cx5ln9v_gf1r20ylpr0000gn/T/XcodeDistPipeline.SDr/entitlementsmupN84
2018-08-20 06:50:14 +0000  Running /usr/bin/codesign '-vvv' '--force' '--sign' 'B2F7FB7BC63392D8F2D5F2E7FCC2AA5D245C0AD0' '--preserve-metadata=identifier,flags' '--entitlements' '/var/folders/37/hffgh4cx5ln9v_gf1r20ylpr0000gn/T/XcodeDistPipeline.SDr/entitlementsmupN84' '/var/folders/37/hffgh4cx5ln9v_gf1r20ylpr0000gn/T/XcodeDistPipeline.SDr/Root/Payload/KhmerLove.app/Frameworks/libswiftMetal.dylib'
2018-08-20 06:50:14 +0000  /var/folders/37/hffgh4cx5ln9v_gf1r20ylpr0000gn/T/XcodeDistPipeline.SDr/Root/Payload/KhmerLove.app/Frameworks/libswiftMetal.dylib: signed Mach-O universal (armv7 armv7s arm64) [com.apple.dt.runtime.swiftMetal]
2018-08-20 06:50:14 +0000  /usr/bin/codesign exited with 0
2018-08-20 06:50:14 +0000  Applying entitlements delta for <IDEDistributionItem: 0x7faf096bfba0 'com.apple.dt.runtime.swiftObjectiveC' '<DVTFilePath:0x7faf0a58c400:'/Users/sierra/Library/Developer/Xcode/Archives/2018-08-20/KhmerLove 8-20-18, 12.19 PM.xcarchive/Products/Applications/KhmerLove.app/Frameworks/libswiftObjectiveC.dylib'>'> from <IDEiCloudEntitlementsProcessor: 0x7faf27b31f30>: {
}
2018-08-20 06:50:14 +0000  Entitlements for <IDEDistributionItem: 0x7faf096bfba0 'com.apple.dt.runtime.swiftObjectiveC' '<DVTFilePath:0x7faf0a58c400:'/Users/sierra/Library/Developer/Xcode/Archives/2018-08-20/KhmerLove 8-20-18, 12.19 PM.xcarchive/Products/Applications/KhmerLove.app/Frameworks/libswiftObjectiveC.dylib'>'>: {
}
2018-08-20 06:50:14 +0000  Writing entitlements for <IDEDistributionItem: 0x7faf096bfba0 'com.apple.dt.runtime.swiftObjectiveC' '<DVTFilePath:0x7faf0a58c400:'/Users/sierra/Library/Developer/Xcode/Archives/2018-08-20/KhmerLove 8-20-18, 12.19 PM.xcarchive/Products/Applications/KhmerLove.app/Frameworks/libswiftObjectiveC.dylib'>'> to: /var/folders/37/hffgh4cx5ln9v_gf1r20ylpr0000gn/T/XcodeDistPipeline.SDr/entitlementsPZKfAd
2018-08-20 06:50:14 +0000  Running /usr/bin/codesign '-vvv' '--force' '--sign' 'B2F7FB7BC63392D8F2D5F2E7FCC2AA5D245C0AD0' '--preserve-metadata=identifier,flags' '--entitlements' '/var/folders/37/hffgh4cx5ln9v_gf1r20ylpr0000gn/T/XcodeDistPipeline.SDr/entitlementsPZKfAd' '/var/folders/37/hffgh4cx5ln9v_gf1r20ylpr0000gn/T/XcodeDistPipeline.SDr/Root/Payload/KhmerLove.app/Frameworks/libswiftObjectiveC.dylib'
2018-08-20 06:50:14 +0000  /var/folders/37/hffgh4cx5ln9v_gf1r20ylpr0000gn/T/XcodeDistPipeline.SDr/Root/Payload/KhmerLove.app/Frameworks/libswiftObjectiveC.dylib: signed Mach-O universal (armv7 armv7s arm64) [com.apple.dt.runtime.swiftObjectiveC]
2018-08-20 06:50:14 +0000  /usr/bin/codesign exited with 0
2018-08-20 06:50:14 +0000  Applying entitlements delta for <IDEDistributionItem: 0x7faf2789cf20 'com.apple.dt.runtime.swiftQuartzCore' '<DVTFilePath:0x7faf0a3c2d40:'/Users/sierra/Library/Developer/Xcode/Archives/2018-08-20/KhmerLove 8-20-18, 12.19 PM.xcarchive/Products/Applications/KhmerLove.app/Frameworks/libswiftQuartzCore.dylib'>'> from <IDEiCloudEntitlementsProcessor: 0x7faf1f133b30>: {
}
2018-08-20 06:50:14 +0000  Entitlements for <IDEDistributionItem: 0x7faf2789cf20 'com.apple.dt.runtime.swiftQuartzCore' '<DVTFilePath:0x7faf0a3c2d40:'/Users/sierra/Library/Developer/Xcode/Archives/2018-08-20/KhmerLove 8-20-18, 12.19 PM.xcarchive/Products/Applications/KhmerLove.app/Frameworks/libswiftQuartzCore.dylib'>'>: {
}
2018-08-20 06:50:14 +0000  Writing entitlements for <IDEDistributionItem: 0x7faf2789cf20 'com.apple.dt.runtime.swiftQuartzCore' '<DVTFilePath:0x7faf0a3c2d40:'/Users/sierra/Library/Developer/Xcode/Archives/2018-08-20/KhmerLove 8-20-18, 12.19 PM.xcarchive/Products/Applications/KhmerLove.app/Frameworks/libswiftQuartzCore.dylib'>'> to: /var/folders/37/hffgh4cx5ln9v_gf1r20ylpr0000gn/T/XcodeDistPipeline.SDr/entitlements9xgMMs
2018-08-20 06:50:14 +0000  Running /usr/bin/codesign '-vvv' '--force' '--sign' 'B2F7FB7BC63392D8F2D5F2E7FCC2AA5D245C0AD0' '--preserve-metadata=identifier,flags' '--entitlements' '/var/folders/37/hffgh4cx5ln9v_gf1r20ylpr0000gn/T/XcodeDistPipeline.SDr/entitlements9xgMMs' '/var/folders/37/hffgh4cx5ln9v_gf1r20ylpr0000gn/T/XcodeDistPipeline.SDr/Root/Payload/KhmerLove.app/Frameworks/libswiftQuartzCore.dylib'
2018-08-20 06:50:14 +0000  /var/folders/37/hffgh4cx5ln9v_gf1r20ylpr0000gn/T/XcodeDistPipeline.SDr/Root/Payload/KhmerLove.app/Frameworks/libswiftQuartzCore.dylib: signed Mach-O universal (armv7 armv7s arm64) [com.apple.dt.runtime.swiftQuartzCore]
2018-08-20 06:50:14 +0000  /usr/bin/codesign exited with 0
2018-08-20 06:50:14 +0000  Applying entitlements delta for <IDEDistributionItem: 0x7faf0b162d50 'com.apple.dt.runtime.swiftUIKit' '<DVTFilePath:0x7faf0a58bc00:'/Users/sierra/Library/Developer/Xcode/Archives/2018-08-20/KhmerLove 8-20-18, 12.19 PM.xcarchive/Products/Applications/KhmerLove.app/Frameworks/libswiftUIKit.dylib'>'> from <IDEiCloudEntitlementsProcessor: 0x7faf21fd0400>: {
}
2018-08-20 06:50:14 +0000  Entitlements for <IDEDistributionItem: 0x7faf0b162d50 'com.apple.dt.runtime.swiftUIKit' '<DVTFilePath:0x7faf0a58bc00:'/Users/sierra/Library/Developer/Xcode/Archives/2018-08-20/KhmerLove 8-20-18, 12.19 PM.xcarchive/Products/Applications/KhmerLove.app/Frameworks/libswiftUIKit.dylib'>'>: {
}
2018-08-20 06:50:14 +0000  Writing entitlements for <IDEDistributionItem: 0x7faf0b162d50 'com.apple.dt.runtime.swiftUIKit' '<DVTFilePath:0x7faf0a58bc00:'/Users/sierra/Library/Developer/Xcode/Archives/2018-08-20/KhmerLove 8-20-18, 12.19 PM.xcarchive/Products/Applications/KhmerLove.app/Frameworks/libswiftUIKit.dylib'>'> to: /var/folders/37/hffgh4cx5ln9v_gf1r20ylpr0000gn/T/XcodeDistPipeline.SDr/entitlementssMV2Gu
2018-08-20 06:50:14 +0000  Running /usr/bin/codesign '-vvv' '--force' '--sign' 'B2F7FB7BC63392D8F2D5F2E7FCC2AA5D245C0AD0' '--preserve-metadata=identifier,flags' '--entitlements' '/var/folders/37/hffgh4cx5ln9v_gf1r20ylpr0000gn/T/XcodeDistPipeline.SDr/entitlementssMV2Gu' '/var/folders/37/hffgh4cx5ln9v_gf1r20ylpr0000gn/T/XcodeDistPipeline.SDr/Root/Payload/KhmerLove.app/Frameworks/libswiftUIKit.dylib'
2018-08-20 06:50:14 +0000  /var/folders/37/hffgh4cx5ln9v_gf1r20ylpr0000gn/T/XcodeDistPipeline.SDr/Root/Payload/KhmerLove.app/Frameworks/libswiftUIKit.dylib: signed Mach-O universal (armv7 armv7s arm64) [com.apple.dt.runtime.swiftUIKit]
2018-08-20 06:50:14 +0000  /usr/bin/codesign exited with 0
2018-08-20 06:50:14 +0000  Applying entitlements delta for <IDEDistributionItem: 0x7faf096f0180 'com.apple.dt.runtime.swiftos' '<DVTFilePath:0x7faf0a39cbb0:'/Users/sierra/Library/Developer/Xcode/Archives/2018-08-20/KhmerLove 8-20-18, 12.19 PM.xcarchive/Products/Applications/KhmerLove.app/Frameworks/libswiftos.dylib'>'> from <IDEiCloudEntitlementsProcessor: 0x7faf097f3bc0>: {
}
2018-08-20 06:50:14 +0000  Entitlements for <IDEDistributionItem: 0x7faf096f0180 'com.apple.dt.runtime.swiftos' '<DVTFilePath:0x7faf0a39cbb0:'/Users/sierra/Library/Developer/Xcode/Archives/2018-08-20/KhmerLove 8-20-18, 12.19 PM.xcarchive/Products/Applications/KhmerLove.app/Frameworks/libswiftos.dylib'>'>: {
}
2018-08-20 06:50:14 +0000  Writing entitlements for <IDEDistributionItem: 0x7faf096f0180 'com.apple.dt.runtime.swiftos' '<DVTFilePath:0x7faf0a39cbb0:'/Users/sierra/Library/Developer/Xcode/Archives/2018-08-20/KhmerLove 8-20-18, 12.19 PM.xcarchive/Products/Applications/KhmerLove.app/Frameworks/libswiftos.dylib'>'> to: /var/folders/37/hffgh4cx5ln9v_gf1r20ylpr0000gn/T/XcodeDistPipeline.SDr/entitlementsP6zYMh
2018-08-20 06:50:14 +0000  Running /usr/bin/codesign '-vvv' '--force' '--sign' 'B2F7FB7BC63392D8F2D5F2E7FCC2AA5D245C0AD0' '--preserve-metadata=identifier,flags' '--entitlements' '/var/folders/37/hffgh4cx5ln9v_gf1r20ylpr0000gn/T/XcodeDistPipeline.SDr/entitlementsP6zYMh' '/var/folders/37/hffgh4cx5ln9v_gf1r20ylpr0000gn/T/XcodeDistPipeline.SDr/Root/Payload/KhmerLove.app/Frameworks/libswiftos.dylib'
2018-08-20 06:50:15 +0000  /var/folders/37/hffgh4cx5ln9v_gf1r20ylpr0000gn/T/XcodeDistPipeline.SDr/Root/Payload/KhmerLove.app/Frameworks/libswiftos.dylib: signed Mach-O universal (armv7 armv7s arm64) [com.apple.dt.runtime.swiftos]
2018-08-20 06:50:15 +0000  /usr/bin/codesign exited with 0
2018-08-20 06:50:15 +0000  Applying entitlements delta for <IDEDistributionItem: 0x7faf094f3e70 'com.dev.accuPump' '<DVTFilePath:0x7faf2047dcc0:'/Users/sierra/Library/Developer/Xcode/Archives/2018-08-20/KhmerLove 8-20-18, 12.19 PM.xcarchive/Products/Applications/KhmerLove.app'>'> from <IDEiCloudEntitlementsProcessor: 0x7faf27ccd1c0>: {
}
2018-08-20 06:50:15 +0000  Entitlements for <IDEDistributionItem: 0x7faf094f3e70 'com.dev.accuPump' '<DVTFilePath:0x7faf2047dcc0:'/Users/sierra/Library/Developer/Xcode/Archives/2018-08-20/KhmerLove 8-20-18, 12.19 PM.xcarchive/Products/Applications/KhmerLove.app'>'>: {
    "application-identifier" = "XGDE36LBGT.com.dev.accuPump";
    "com.apple.developer.team-identifier" = XGDE36LBGT;
    "get-task-allow" = 1;
    "keychain-access-groups" =     (
        "XGDE36LBGT.com.dev.accuPump"
    );
}
2018-08-20 06:50:15 +0000  Writing entitlements for <IDEDistributionItem: 0x7faf094f3e70 'com.dev.accuPump' '<DVTFilePath:0x7faf2047dcc0:'/Users/sierra/Library/Developer/Xcode/Archives/2018-08-20/KhmerLove 8-20-18, 12.19 PM.xcarchive/Products/Applications/KhmerLove.app'>'> to: /var/folders/37/hffgh4cx5ln9v_gf1r20ylpr0000gn/T/XcodeDistPipeline.SDr/entitlementsC4F9Cw
2018-08-20 06:50:15 +0000  Running /usr/bin/codesign '-vvv' '--force' '--sign' 'B2F7FB7BC63392D8F2D5F2E7FCC2AA5D245C0AD0' '--preserve-metadata=identifier,flags' '--entitlements' '/var/folders/37/hffgh4cx5ln9v_gf1r20ylpr0000gn/T/XcodeDistPipeline.SDr/entitlementsC4F9Cw' '/var/folders/37/hffgh4cx5ln9v_gf1r20ylpr0000gn/T/XcodeDistPipeline.SDr/Root/Payload/KhmerLove.app'
2018-08-20 06:50:15 +0000  /var/folders/37/hffgh4cx5ln9v_gf1r20ylpr0000gn/T/XcodeDistPipeline.SDr/Root/Payload/KhmerLove.app: signed app bundle with Mach-O universal (armv7 arm64) [com.dev.accuPump]
2018-08-20 06:50:15 +0000  /usr/bin/codesign exited with 0
2018-08-20 06:50:15 +0000  Processing step: IDEDistributionStreamingZipItemStep
2018-08-20 06:50:15 +0000  Skipping step: IDEDistributionStreamingZipItemStep because it said so
2018-08-20 06:50:15 +0000  Skipping step: IDEDistributionStreamingZipItemStep because it said so
2018-08-20 06:50:15 +0000  Skipping step: IDEDistributionStreamingZipItemStep because it said so
2018-08-20 06:50:15 +0000  Skipping step: IDEDistributionStreamingZipItemStep because it said so
2018-08-20 06:50:15 +0000  Skipping step: IDEDistributionStreamingZipItemStep because it said so
2018-08-20 06:50:15 +0000  Skipping step: IDEDistributionStreamingZipItemStep because it said so
2018-08-20 06:50:15 +0000  Skipping step: IDEDistributionStreamingZipItemStep because it said so
2018-08-20 06:50:15 +0000  Skipping step: IDEDistributionStreamingZipItemStep because it said so
2018-08-20 06:50:15 +0000  Skipping step: IDEDistributionStreamingZipItemStep because it said so
2018-08-20 06:50:15 +0000  Skipping step: IDEDistributionStreamingZipItemStep because it said so
2018-08-20 06:50:15 +0000  Skipping step: IDEDistributionStreamingZipItemStep because it said so
2018-08-20 06:50:15 +0000  Skipping step: IDEDistributionStreamingZipItemStep because it said so
2018-08-20 06:50:15 +0000  Skipping step: IDEDistributionStreamingZipItemStep because it said so
2018-08-20 06:50:15 +0000  Processing step: IDEDistributionCreateIPAStep
2018-08-20 06:50:15 +0000  Running /usr/bin/ditto '-V' '-c' '-k' '--norsrc' '/var/folders/37/hffgh4cx5ln9v_gf1r20ylpr0000gn/T/XcodeDistPipeline.SDr/Root' '/var/folders/37/hffgh4cx5ln9v_gf1r20ylpr0000gn/T/XcodeDistPipeline.SDr/Packages/KhmerLove.ipa'
2018-08-20 06:50:15 +0000  >>> Copying /var/folders/37/hffgh4cx5ln9v_gf1r20ylpr0000gn/T/XcodeDistPipeline.SDr/Root 
2018-08-20 06:50:15 +0000  copying file ./Payload/KhmerLove.app/_CodeSignature/CodeResources ... 
2018-08-20 06:50:15 +0000  10971 bytes for ./Payload/KhmerLove.app/_CodeSignature/CodeResources
2018-08-20 06:50:15 +0000  copying file ./Payload/KhmerLove.app/archived-expanded-entitlements.xcent ... 
370 bytes for ./Payload/KhmerLove.app/archived-expanded-entitlements.xcent
copying file ./Payload/KhmerLove.app/Assets.car ... 
2018-08-20 06:50:15 +0000  8720376 bytes for ./Payload/KhmerLove.app/Assets.car
2018-08-20 06:50:15 +0000  copying file ./Payload/KhmerLove.app/Base.lproj/LaunchScreen.storyboardc/01J-lp-oVM-view-Ze5-6b-2t3.nib ... 
1986 bytes for ./Payload/KhmerLove.app/Base.lproj/LaunchScreen.storyboardc/01J-lp-oVM-view-Ze5-6b-2t3.nib
copying file ./Payload/KhmerLove.app/Base.lproj/LaunchScreen.storyboardc/Info.plist ... 
2018-08-20 06:50:15 +0000  258 bytes for ./Payload/KhmerLove.app/Base.lproj/LaunchScreen.storyboardc/Info.plist
copying file ./Payload/KhmerLove.app/Base.lproj/LaunchScreen.storyboardc/UIViewController-01J-lp-oVM.nib ... 
2018-08-20 06:50:15 +0000  832 bytes for ./Payload/KhmerLove.app/Base.lproj/LaunchScreen.storyboardc/UIViewController-01J-lp-oVM.nib
copying file ./Payload/KhmerLove.app/Base.lproj/Main.storyboardc/BYZ-38-t0r-view-8bC-Xf-vdC.nib/objects-11.0+.nib ... 
2018-08-20 06:50:15 +0000  8944 bytes for ./Payload/KhmerLove.app/Base.lproj/Main.storyboardc/BYZ-38-t0r-view-8bC-Xf-vdC.nib/objects-11.0+.nib
copying file ./Payload/KhmerLove.app/Base.lproj/Main.storyboardc/BYZ-38-t0r-view-8bC-Xf-vdC.nib/runtime.nib ... 
2018-08-20 06:50:15 +0000  9045 bytes for ./Payload/KhmerLove.app/Base.lproj/Main.storyboardc/BYZ-38-t0r-view-8bC-Xf-vdC.nib/runtime.nib
2018-08-20 06:50:15 +0000  copying file ./Payload/KhmerLove.app/Base.lproj/Main.storyboardc/Info.plist ... 
335 bytes for ./Payload/KhmerLove.app/Base.lproj/Main.storyboardc/Info.plist
copying file ./Payload/KhmerLove.app/Base.lproj/Main.storyboardc/LoginViewController.nib/objects-11.0+.nib ... 
2018-08-20 06:50:15 +0000  1117 bytes for ./Payload/KhmerLove.app/Base.lproj/Main.storyboardc/LoginViewController.nib/objects-11.0+.nib
copying file ./Payload/KhmerLove.app/Base.lproj/Main.storyboardc/LoginViewController.nib/runtime.nib ... 
2018-08-20 06:50:15 +0000  1117 bytes for ./Payload/KhmerLove.app/Base.lproj/Main.storyboardc/LoginViewController.nib/runtime.nib
copying file ./Payload/KhmerLove.app/Base.lproj/Main.storyboardc/UINavigationController-pPq-U2-2eg.nib/objects-11.0+.nib ... 
2018-08-20 06:50:15 +0000  1762 bytes for ./Payload/KhmerLove.app/Base.lproj/Main.storyboardc/UINavigationController-pPq-U2-2eg.nib/objects-11.0+.nib
copying file ./Payload/KhmerLove.app/Base.lproj/Main.storyboardc/UINavigationController-pPq-U2-2eg.nib/runtime.nib ... 
2018-08-20 06:50:15 +0000  1762 bytes for ./Payload/KhmerLove.app/Base.lproj/Main.storyboardc/UINavigationController-pPq-U2-2eg.nib/runtime.nib
copying file ./Payload/KhmerLove.app/embedded.mobileprovision ... 
2018-08-20 06:50:15 +0000  8940 bytes for ./Payload/KhmerLove.app/embedded.mobileprovision
2018-08-20 06:50:15 +0000  copying file ./Payload/KhmerLove.app/Frameworks/libswiftCore.dylib ... 
2018-08-20 06:50:16 +0000  21079952 bytes for ./Payload/KhmerLove.app/Frameworks/libswiftCore.dylib
copying file ./Payload/KhmerLove.app/Frameworks/libswiftCoreFoundation.dylib ... 
2018-08-20 06:50:16 +0000  208656 bytes for ./Payload/KhmerLove.app/Frameworks/libswiftCoreFoundation.dylib
copying file ./Payload/KhmerLove.app/Frameworks/libswiftCoreGraphics.dylib ... 
2018-08-20 06:50:16 +0000  578112 bytes for ./Payload/KhmerLove.app/Frameworks/libswiftCoreGraphics.dylib
copying file ./Payload/KhmerLove.app/Frameworks/libswiftCoreImage.dylib ... 
2018-08-20 06:50:16 +0000  209216 bytes for ./Payload/KhmerLove.app/Frameworks/libswiftCoreImage.dylib
copying file ./Payload/KhmerLove.app/Frameworks/libswiftDarwin.dylib ... 
2018-08-20 06:50:16 +0000  303424 bytes for ./Payload/KhmerLove.app/Frameworks/libswiftDarwin.dylib
copying file ./Payload/KhmerLove.app/Frameworks/libswiftDispatch.dylib ... 
2018-08-20 06:50:16 +0000  1009616 bytes for ./Payload/KhmerLove.app/Frameworks/libswiftDispatch.dylib
copying file ./Payload/KhmerLove.app/Frameworks/libswiftFoundation.dylib ... 
2018-08-20 06:50:16 +0000  8413648 bytes for ./Payload/KhmerLove.app/Frameworks/libswiftFoundation.dylib
copying file ./Payload/KhmerLove.app/Frameworks/libswiftMetal.dylib ... 
2018-08-20 06:50:17 +0000  251616 bytes for ./Payload/KhmerLove.app/Frameworks/libswiftMetal.dylib
copying file ./Payload/KhmerLove.app/Frameworks/libswiftObjectiveC.dylib ... 
2018-08-20 06:50:17 +0000  259296 bytes for ./Payload/KhmerLove.app/Frameworks/libswiftObjectiveC.dylib
copying file ./Payload/KhmerLove.app/Frameworks/libswiftos.dylib ... 
2018-08-20 06:50:17 +0000  249264 bytes for ./Payload/KhmerLove.app/Frameworks/libswiftos.dylib
copying file ./Payload/KhmerLove.app/Frameworks/libswiftQuartzCore.dylib ... 
2018-08-20 06:50:17 +0000  212560 bytes for ./Payload/KhmerLove.app/Frameworks/libswiftQuartzCore.dylib
copying file ./Payload/KhmerLove.app/Frameworks/libswiftUIKit.dylib ... 
2018-08-20 06:50:17 +0000  361840 bytes for ./Payload/KhmerLove.app/Frameworks/libswiftUIKit.dylib
copying file ./Payload/KhmerLove.app/Info.plist ... 
2018-08-20 06:50:17 +0000  1110 bytes for ./Payload/KhmerLove.app/Info.plist
copying file ./Payload/KhmerLove.app/KhmerLove ... 
2018-08-20 06:50:17 +0000  199264 bytes for ./Payload/KhmerLove.app/KhmerLove
copying file ./Payload/KhmerLove.app/PkgInfo ... 
2018-08-20 06:50:17 +0000  8 bytes for ./Payload/KhmerLove.app/PkgInfo
2018-08-20 06:50:17 +0000  /usr/bin/ditto exited with 0
2018-08-20 06:50:17 +0000  Processing step: IDEDistributionCreateManifestStep
